{"C:\\Users\\Jordan.Kane\\GitHub\\beeceptor-demo\\src\\App.jsx": {"path":"C:\\Users\\Jordan.Kane\\GitHub\\beeceptor-demo\\src\\App.jsx","statementMap":{"0":{"start":{"line":3,"column":17},"end":{"line":3,"column":64}},"1":{"start":{"line":7,"column":13},"end":{"line":7,"column":36}},"2":{"start":{"line":8,"column":16},"end":{"line":8,"column":76}},"3":{"start":{"line":9,"column":2},"end":{"line":9,"column":69}},"4":{"start":{"line":13,"column":26},"end":{"line":13,"column":40}},"5":{"start":{"line":14,"column":28},"end":{"line":14,"column":44}},"6":{"start":{"line":15,"column":42},"end":{"line":15,"column":56}},"7":{"start":{"line":16,"column":26},"end":{"line":16,"column":38}},"8":{"start":{"line":17,"column":34},"end":{"line":17,"column":46}},"9":{"start":{"line":19,"column":20},"end":{"line":42,"column":3}},"10":{"start":{"line":20,"column":4},"end":{"line":24,"column":5}},"11":{"start":{"line":21,"column":6},"end":{"line":21,"column":24}},"12":{"start":{"line":22,"column":6},"end":{"line":22,"column":80}},"13":{"start":{"line":23,"column":6},"end":{"line":23,"column":13}},"14":{"start":{"line":25,"column":4},"end":{"line":25,"column":24}},"15":{"start":{"line":26,"column":4},"end":{"line":26,"column":20}},"16":{"start":{"line":27,"column":4},"end":{"line":41,"column":5}},"17":{"start":{"line":28,"column":18},"end":{"line":28,"column":86}},"18":{"start":{"line":29,"column":6},"end":{"line":29,"column":57}},"19":{"start":{"line":29,"column":19},"end":{"line":29,"column":57}},"20":{"start":{"line":30,"column":19},"end":{"line":30,"column":35}},"21":{"start":{"line":31,"column":19},"end":{"line":35,"column":7}},"22":{"start":{"line":36,"column":6},"end":{"line":36,"column":20}},"23":{"start":{"line":37,"column":6},"end":{"line":37,"column":21}},"24":{"start":{"line":39,"column":6},"end":{"line":39,"column":24}},"25":{"start":{"line":40,"column":6},"end":{"line":40,"column":55}},"26":{"start":{"line":44,"column":2},"end":{"line":44,"column":40}},"27":{"start":{"line":44,"column":20},"end":{"line":44,"column":32}},"28":{"start":{"line":46,"column":31},"end":{"line":52,"column":3}},"29":{"start":{"line":47,"column":4},"end":{"line":47,"column":22}},"30":{"start":{"line":47,"column":15},"end":{"line":47,"column":22}},"31":{"start":{"line":48,"column":4},"end":{"line":51,"column":7}},"32":{"start":{"line":54,"column":26},"end":{"line":57,"column":3}},"33":{"start":{"line":55,"column":4},"end":{"line":55,"column":22}},"34":{"start":{"line":55,"column":15},"end":{"line":55,"column":22}},"35":{"start":{"line":56,"column":4},"end":{"line":56,"column":38}},"36":{"start":{"line":59,"column":2},"end":{"line":100,"column":4}}},"fnMap":{"0":{"name":"formatInternalNote","decl":{"start":{"line":6,"column":16},"end":{"line":6,"column":34}},"loc":{"start":{"line":6,"column":42},"end":{"line":10,"column":1}},"line":6},"1":{"name":"App","decl":{"start":{"line":12,"column":24},"end":{"line":12,"column":27}},"loc":{"start":{"line":12,"column":30},"end":{"line":101,"column":1}},"line":12},"2":{"name":"(anonymous_2)","decl":{"start":{"line":19,"column":20},"end":{"line":19,"column":21}},"loc":{"start":{"line":19,"column":32},"end":{"line":42,"column":3}},"line":19},"3":{"name":"(anonymous_3)","decl":{"start":{"line":44,"column":12},"end":{"line":44,"column":13}},"loc":{"start":{"line":44,"column":18},"end":{"line":44,"column":34}},"line":44},"4":{"name":"(anonymous_4)","decl":{"start":{"line":46,"column":31},"end":{"line":46,"column":32}},"loc":{"start":{"line":46,"column":37},"end":{"line":52,"column":3}},"line":46},"5":{"name":"(anonymous_5)","decl":{"start":{"line":54,"column":26},"end":{"line":54,"column":27}},"loc":{"start":{"line":54,"column":32},"end":{"line":57,"column":3}},"line":54}},"branchMap":{"0":{"loc":{"start":{"line":7,"column":13},"end":{"line":7,"column":36}},"type":"binary-expr","locations":[{"start":{"line":7,"column":13},"end":{"line":7,"column":27}},{"start":{"line":7,"column":31},"end":{"line":7,"column":36}}],"line":7},"1":{"loc":{"start":{"line":8,"column":16},"end":{"line":8,"column":76}},"type":"cond-expr","locations":[{"start":{"line":8,"column":46},"end":{"line":8,"column":67}},{"start":{"line":8,"column":70},"end":{"line":8,"column":76}}],"line":8},"2":{"loc":{"start":{"line":20,"column":4},"end":{"line":24,"column":5}},"type":"if","locations":[{"start":{"line":20,"column":4},"end":{"line":24,"column":5}},{"start":{},"end":{}}],"line":20},"3":{"loc":{"start":{"line":29,"column":6},"end":{"line":29,"column":57}},"type":"if","locations":[{"start":{"line":29,"column":6},"end":{"line":29,"column":57}},{"start":{},"end":{}}],"line":29},"4":{"loc":{"start":{"line":32,"column":24},"end":{"line":32,"column":42}},"type":"binary-expr","locations":[{"start":{"line":32,"column":24},"end":{"line":32,"column":36}},{"start":{"line":32,"column":40},"end":{"line":32,"column":42}}],"line":32},"5":{"loc":{"start":{"line":33,"column":25},"end":{"line":33,"column":44}},"type":"binary-expr","locations":[{"start":{"line":33,"column":25},"end":{"line":33,"column":38}},{"start":{"line":33,"column":42},"end":{"line":33,"column":44}}],"line":33},"6":{"loc":{"start":{"line":34,"column":15},"end":{"line":34,"column":70}},"type":"cond-expr","locations":[{"start":{"line":34,"column":43},"end":{"line":34,"column":65}},{"start":{"line":34,"column":68},"end":{"line":34,"column":70}}],"line":34},"7":{"loc":{"start":{"line":47,"column":4},"end":{"line":47,"column":22}},"type":"if","locations":[{"start":{"line":47,"column":4},"end":{"line":47,"column":22}},{"start":{},"end":{}}],"line":47},"8":{"loc":{"start":{"line":55,"column":4},"end":{"line":55,"column":22}},"type":"if","locations":[{"start":{"line":55,"column":4},"end":{"line":55,"column":22}},{"start":{},"end":{}}],"line":55},"9":{"loc":{"start":{"line":75,"column":7},"end":{"line":75,"column":45}},"type":"binary-expr","locations":[{"start":{"line":75,"column":7},"end":{"line":75,"column":26}},{"start":{"line":75,"column":30},"end":{"line":75,"column":45}}],"line":75},"10":{"loc":{"start":{"line":76,"column":7},"end":{"line":76,"column":80}},"type":"binary-expr","locations":[{"start":{"line":76,"column":7},"end":{"line":76,"column":24}},{"start":{"line":76,"column":28},"end":{"line":76,"column":80}}],"line":76},"11":{"loc":{"start":{"line":78,"column":7},"end":{"line":84,"column":7}},"type":"binary-expr","locations":[{"start":{"line":78,"column":7},"end":{"line":78,"column":21}},{"start":{"line":78,"column":25},"end":{"line":78,"column":29}},{"start":{"line":79,"column":8},"end":{"line":83,"column":18}}],"line":78},"12":{"loc":{"start":{"line":80,"column":38},"end":{"line":80,"column":57}},"type":"binary-expr","locations":[{"start":{"line":80,"column":38},"end":{"line":80,"column":50}},{"start":{"line":80,"column":54},"end":{"line":80,"column":57}}],"line":80},"13":{"loc":{"start":{"line":81,"column":41},"end":{"line":81,"column":61}},"type":"binary-expr","locations":[{"start":{"line":81,"column":41},"end":{"line":81,"column":54}},{"start":{"line":81,"column":58},"end":{"line":81,"column":61}}],"line":81},"14":{"loc":{"start":{"line":82,"column":38},"end":{"line":82,"column":88}},"type":"cond-expr","locations":[{"start":{"line":82,"column":58},"end":{"line":82,"column":79}},{"start":{"line":82,"column":82},"end":{"line":82,"column":88}}],"line":82},"15":{"loc":{"start":{"line":86,"column":7},"end":{"line":91,"column":7}},"type":"binary-expr","locations":[{"start":{"line":86,"column":7},"end":{"line":86,"column":19}},{"start":{"line":87,"column":8},"end":{"line":90,"column":18}}],"line":86},"16":{"loc":{"start":{"line":93,"column":7},"end":{"line":98,"column":7}},"type":"binary-expr","locations":[{"start":{"line":93,"column":7},"end":{"line":93,"column":11}},{"start":{"line":94,"column":8},"end":{"line":97,"column":18}}],"line":93}},"s":{"0":1,"1":1,"2":1,"3":1,"4":6,"5":6,"6":6,"7":6,"8":6,"9":6,"10":2,"11":0,"12":0,"13":0,"14":2,"15":2,"16":2,"17":2,"18":2,"19":1,"20":1,"21":1,"22":1,"23":1,"24":1,"25":1,"26":6,"27":2,"28":6,"29":0,"30":0,"31":0,"32":6,"33":0,"34":0,"35":0,"36":6},"f":{"0":1,"1":6,"2":2,"3":2,"4":0,"5":0},"b":{"0":[1,0],"1":[1,0],"2":[0,2],"3":[1,1],"4":[1,0],"5":[1,0],"6":[1,0],"7":[0,0],"8":[0,0],"9":[6,2],"10":[6,1],"11":[6,1,1],"12":[1,0],"13":[1,0],"14":[1,0],"15":[6,0],"16":[6,0]},"_coverageSchema":"1a1c01bbd47fc00a2c39e90264f33305004495a9","hash":"366a962b3516332e3f6eb954e0250315b88c83b3"}
}
