TN:
SF:src\App.jsx
FN:6,formatInternalNote
FN:12,App
FN:19,(anonymous_2)
FN:44,(anonymous_3)
FN:46,(anonymous_4)
FN:54,(anonymous_5)
FNF:6
FNH:4
FNDA:1,formatInternalNote
FNDA:6,App
FNDA:2,(anonymous_2)
FNDA:2,(anonymous_3)
FNDA:0,(anonymous_4)
FNDA:0,(anonymous_5)
DA:3,1
DA:7,1
DA:8,1
DA:9,1
DA:13,6
DA:14,5
DA:15,5
DA:16,5
DA:17,5
DA:19,5
DA:20,2
DA:21,0
DA:22,0
DA:23,0
DA:25,2
DA:26,2
DA:27,2
DA:28,2
DA:29,2
DA:30,1
DA:31,1
DA:36,1
DA:37,1
DA:39,1
DA:40,1
DA:44,5
DA:46,5
DA:47,0
DA:48,0
DA:54,5
DA:55,0
DA:56,0
DA:59,5
LF:33
LH:26
BRDA:7,0,0,1
BRDA:7,0,1,0
BRDA:8,1,0,1
BRDA:8,1,1,0
BRDA:20,2,0,0
BRDA:20,2,1,2
BRDA:29,3,0,1
BRDA:29,3,1,1
BRDA:32,4,0,1
BRDA:32,4,1,0
BRDA:33,5,0,1
BRDA:33,5,1,0
BRDA:34,6,0,1
BRDA:34,6,1,0
BRDA:47,7,0,0
BRDA:47,7,1,0
BRDA:55,8,0,0
BRDA:55,8,1,0
BRDA:72,9,0,5
BRDA:72,9,1,2
BRDA:73,10,0,5
BRDA:73,10,1,1
BRDA:75,11,0,5
BRDA:75,11,1,0
BRDA:75,11,2,0
BRDA:77,12,0,0
BRDA:77,12,1,0
BRDA:78,13,0,0
BRDA:78,13,1,0
BRDA:79,14,0,0
BRDA:79,14,1,0
BRDA:83,15,0,5
BRDA:83,15,1,0
BRDA:90,16,0,5
BRDA:90,16,1,0
BRF:35
BRH:15
end_of_record
