TN:
SF:src\App.jsx
FN:6,formatInternalNote
FN:12,App
FN:19,(anonymous_2)
FN:44,(anonymous_3)
FN:46,(anonymous_4)
FN:54,(anonymous_5)
FNF:6
FNH:4
FNDA:1,formatInternalNote
FNDA:6,App
FNDA:2,(anonymous_2)
FNDA:2,(anonymous_3)
FNDA:0,(anonymous_4)
FNDA:0,(anonymous_5)
DA:3,1
DA:7,1
DA:8,1
DA:9,1
DA:13,6
DA:14,6
DA:15,6
DA:16,6
DA:17,6
DA:19,6
DA:20,2
DA:21,0
DA:22,0
DA:23,0
DA:25,2
DA:26,2
DA:27,2
DA:28,2
DA:29,2
DA:30,1
DA:31,1
DA:36,1
DA:37,1
DA:39,1
DA:40,1
DA:44,6
DA:46,6
DA:47,0
DA:48,0
DA:54,6
DA:55,0
DA:56,0
DA:59,6
LF:33
LH:26
BRDA:7,0,0,1
BRDA:7,0,1,0
BRDA:8,1,0,1
BRDA:8,1,1,0
BRDA:20,2,0,0
BRDA:20,2,1,2
BRDA:29,3,0,1
BRDA:29,3,1,1
BRDA:32,4,0,1
BRDA:32,4,1,0
BRDA:33,5,0,1
BRDA:33,5,1,0
BRDA:34,6,0,1
BRDA:34,6,1,0
BRDA:47,7,0,0
BRDA:47,7,1,0
BRDA:55,8,0,0
BRDA:55,8,1,0
BRDA:75,9,0,6
BRDA:75,9,1,2
BRDA:76,10,0,6
BRDA:76,10,1,1
BRDA:78,11,0,6
BRDA:78,11,1,1
BRDA:78,11,2,1
BRDA:80,12,0,1
BRDA:80,12,1,0
BRDA:81,13,0,1
BRDA:81,13,1,0
BRDA:82,14,0,1
BRDA:82,14,1,0
BRDA:86,15,0,6
BRDA:86,15,1,0
BRDA:93,16,0,6
BRDA:93,16,1,0
BRF:35
BRH:20
end_of_record
